<?xml version="1.0" encoding="UTF-8"?>
<testng-results skipped="0" failed="0" ignored="0" total="1" passed="1">
  <reporter-output>
  </reporter-output>
  <suite name="Default suite" duration-ms="9497" started-at="2019-11-23T13:26:35 CST" finished-at="2019-11-23T13:26:44 CST">
    <groups>
    </groups>
    <test name="Default test" duration-ms="9497" started-at="2019-11-23T13:26:35 CST" finished-at="2019-11-23T13:26:44 CST">
      <class name="test.loginTest">
        <test-method status="PASS" signature="openGoogleSite()[pri:0, instance:test.loginTest@2698dc7]" name="openGoogleSite" duration-ms="9447" started-at="2019-11-23T13:26:35 CST" finished-at="2019-11-23T13:26:44 CST">
          <reporter-output>
          </reporter-output>
        </test-method> <!-- openGoogleSite -->
      </class> <!-- test.loginTest -->
    </test> <!-- Default test -->
  </suite> <!-- Default suite -->
</testng-results>
